23:17:31: OGRE Milkshape Exporter Log
23:17:31: ---------------------------
23:17:31: Creating resource group General
23:17:31: Creating resource group Internal
23:17:31: Creating resource group Autodetect
23:17:32: Registering ResourceManager for type Skeleton
23:17:32: Registering ResourceManager for type Mesh
23:17:36: Creating Mesh object...
23:17:36: Mesh object created.
23:17:36: Creating SubMesh object...
23:17:36: SubMesh object created.
23:17:36: Getting SubMesh Material...
23:17:36: No Material, using default 'BaseWhite'.
23:17:36: Setting up geometry...
23:17:36: Doing positions and texture coords...
23:17:36: Doing vertex 0
23:17:36: Doing vertex 1
23:17:36: Doing vertex 2
23:17:36: Doing vertex 3
23:17:36: Doing vertex 4
23:17:36: Doing vertex 5
23:17:36: Doing vertex 6
23:17:36: Doing vertex 7
23:17:36: Doing vertex 8
23:17:36: Doing vertex 9
23:17:36: Doing vertex 10
23:17:36: Doing vertex 11
23:17:36: Doing vertex 12
23:17:36: Doing vertex 13
23:17:36: Doing vertex 14
23:17:36: Doing vertex 15
23:17:36: Doing vertex 16
23:17:36: Doing vertex 17
23:17:36: Doing vertex 18
23:17:36: Doing vertex 19
23:17:36: Doing vertex 20
23:17:36: Doing vertex 21
23:17:36: Doing vertex 22
23:17:36: Doing vertex 23
23:17:36: Doing vertex 24
23:17:36: Doing vertex 25
23:17:36: Doing vertex 26
23:17:36: Doing vertex 27
23:17:36: Doing vertex 28
23:17:36: Doing vertex 29
23:17:36: Doing vertex 30
23:17:36: Doing vertex 31
23:17:36: Doing vertex 32
23:17:36: Doing vertex 33
23:17:36: Doing vertex 34
23:17:36: Doing vertex 35
23:17:36: Doing vertex 36
23:17:36: Doing vertex 37
23:17:36: Doing vertex 38
23:17:36: Doing vertex 39
23:17:36: Doing vertex 40
23:17:36: Doing vertex 41
23:17:36: Doing vertex 42
23:17:36: Doing vertex 43
23:17:36: Doing vertex 44
23:17:36: Doing vertex 45
23:17:36: Doing vertex 46
23:17:36: Doing vertex 47
23:17:36: Doing vertex 48
23:17:36: Doing vertex 49
23:17:36: Doing vertex 50
23:17:36: Doing vertex 51
23:17:36: Doing vertex 52
23:17:36: Doing vertex 53
23:17:36: Doing vertex 54
23:17:36: Doing vertex 55
23:17:36: Doing vertex 56
23:17:36: Doing vertex 57
23:17:36: Doing vertex 58
23:17:36: Doing vertex 59
23:17:36: Doing vertex 60
23:17:36: Doing vertex 61
23:17:36: Doing vertex 62
23:17:36: Doing vertex 63
23:17:36: Doing vertex 64
23:17:36: Doing vertex 65
23:17:36: Doing vertex 66
23:17:36: Doing vertex 67
23:17:36: Doing vertex 68
23:17:36: Doing vertex 69
23:17:36: Doing vertex 70
23:17:36: Doing vertex 71
23:17:36: Doing vertex 72
23:17:36: Doing vertex 73
23:17:36: Doing vertex 74
23:17:36: Doing vertex 75
23:17:36: Doing vertex 76
23:17:36: Doing vertex 77
23:17:36: Doing vertex 78
23:17:36: Doing vertex 79
23:17:36: Doing vertex 80
23:17:36: Doing vertex 81
23:17:36: Doing vertex 82
23:17:36: Doing vertex 83
23:17:36: Doing vertex 84
23:17:36: Doing vertex 85
23:17:36: Doing vertex 86
23:17:36: Doing vertex 87
23:17:36: Doing vertex 88
23:17:36: Doing vertex 89
23:17:36: Doing vertex 90
23:17:36: Doing vertex 91
23:17:36: Doing vertex 92
23:17:36: Doing vertex 93
23:17:36: Doing vertex 94
23:17:36: Doing vertex 95
23:17:36: Doing vertex 96
23:17:36: Doing vertex 97
23:17:36: Doing vertex 98
23:17:36: Doing vertex 99
23:17:36: Doing vertex 100
23:17:36: Doing vertex 101
23:17:36: Doing vertex 102
23:17:36: Doing vertex 103
23:17:36: Doing vertex 104
23:17:36: Doing vertex 105
23:17:36: Doing vertex 106
23:17:36: Doing vertex 107
23:17:36: Doing vertex 108
23:17:36: Doing vertex 109
23:17:36: Doing vertex 110
23:17:36: Doing vertex 111
23:17:36: Doing vertex 112
23:17:36: Doing vertex 113
23:17:36: Doing vertex 114
23:17:36: Doing vertex 115
23:17:36: Doing vertex 116
23:17:36: Doing vertex 117
23:17:36: Doing vertex 118
23:17:36: Doing vertex 119
23:17:36: Doing vertex 120
23:17:36: Doing vertex 121
23:17:36: Doing vertex 122
23:17:36: Doing vertex 123
23:17:36: Doing vertex 124
23:17:36: Doing vertex 125
23:17:36: Doing vertex 126
23:17:36: Doing vertex 127
23:17:36: Doing vertex 128
23:17:36: Doing vertex 129
23:17:36: Doing vertex 130
23:17:36: Doing vertex 131
23:17:36: Doing vertex 132
23:17:36: Doing vertex 133
23:17:36: Doing vertex 134
23:17:36: Doing vertex 135
23:17:36: Doing vertex 136
23:17:36: Doing vertex 137
23:17:36: Doing vertex 138
23:17:36: Doing vertex 139
23:17:36: Doing vertex 140
23:17:36: Doing vertex 141
23:17:36: Doing vertex 142
23:17:36: Doing vertex 143
23:17:36: Doing vertex 144
23:17:36: Doing vertex 145
23:17:36: Doing vertex 146
23:17:36: Doing vertex 147
23:17:36: Doing vertex 148
23:17:36: Doing vertex 149
23:17:36: Doing vertex 150
23:17:36: Doing vertex 151
23:17:36: Doing vertex 152
23:17:36: Doing vertex 153
23:17:36: Doing vertex 154
23:17:36: Doing vertex 155
23:17:36: Doing vertex 156
23:17:36: Doing vertex 157
23:17:36: Doing vertex 158
23:17:36: Doing vertex 159
23:17:36: Doing vertex 160
23:17:36: Doing vertex 161
23:17:36: Doing vertex 162
23:17:36: Doing vertex 163
23:17:36: Doing vertex 164
23:17:36: Doing vertex 165
23:17:36: Doing vertex 166
23:17:36: Doing vertex 167
23:17:36: Doing vertex 168
23:17:36: Doing vertex 169
23:17:36: Doing vertex 170
23:17:36: Doing vertex 171
23:17:36: Doing vertex 172
23:17:36: Doing vertex 173
23:17:36: Doing vertex 174
23:17:36: Doing vertex 175
23:17:36: Doing vertex 176
23:17:36: Doing vertex 177
23:17:36: Doing vertex 178
23:17:36: Doing vertex 179
23:17:36: Doing vertex 180
23:17:36: Doing vertex 181
23:17:36: Doing vertex 182
23:17:36: Doing vertex 183
23:17:36: Doing vertex 184
23:17:36: Doing vertex 185
23:17:36: Doing vertex 186
23:17:36: Doing vertex 187
23:17:36: Doing vertex 188
23:17:36: Doing vertex 189
23:17:36: Doing vertex 190
23:17:36: Doing vertex 191
23:17:36: Doing vertex 192
23:17:36: Doing vertex 193
23:17:36: Doing vertex 194
23:17:36: Doing vertex 195
23:17:36: Doing vertex 196
23:17:36: Doing vertex 197
23:17:36: Doing vertex 198
23:17:36: Doing vertex 199
23:17:36: Doing vertex 200
23:17:36: Doing vertex 201
23:17:36: Doing vertex 202
23:17:36: Doing vertex 203
23:17:36: Doing vertex 204
23:17:36: Doing vertex 205
23:17:36: Doing vertex 206
23:17:36: Doing vertex 207
23:17:36: Doing vertex 208
23:17:36: Doing vertex 209
23:17:36: Doing vertex 210
23:17:36: Doing vertex 211
23:17:36: Doing vertex 212
23:17:36: Doing vertex 213
23:17:36: Doing vertex 214
23:17:36: Doing vertex 215
23:17:36: Doing vertex 216
23:17:36: Doing vertex 217
23:17:36: Doing vertex 218
23:17:36: Doing vertex 219
23:17:36: Doing vertex 220
23:17:36: Doing vertex 221
23:17:36: Doing vertex 222
23:17:36: Doing vertex 223
23:17:36: Doing vertex 224
23:17:36: Doing vertex 225
23:17:36: Doing vertex 226
23:17:36: Doing vertex 227
23:17:36: Doing vertex 228
23:17:36: Doing vertex 229
23:17:36: Doing vertex 230
23:17:36: Doing vertex 231
23:17:36: Doing vertex 232
23:17:36: Doing vertex 233
23:17:36: Doing vertex 234
23:17:36: Doing vertex 235
23:17:36: Doing vertex 236
23:17:36: Doing vertex 237
23:17:36: Doing vertex 238
23:17:36: Doing vertex 239
23:17:36: Doing vertex 240
23:17:36: Doing vertex 241
23:17:36: Doing vertex 242
23:17:36: Doing vertex 243
23:17:36: Doing vertex 244
23:17:36: Doing vertex 245
23:17:36: Doing vertex 246
23:17:36: Doing vertex 247
23:17:36: Doing vertex 248
23:17:36: Doing vertex 249
23:17:36: Doing vertex 250
23:17:36: Doing vertex 251
23:17:36: Doing vertex 252
23:17:36: Doing vertex 253
23:17:36: Doing vertex 254
23:17:36: Doing vertex 255
23:17:36: Doing vertex 256
23:17:36: Doing vertex 257
23:17:36: Doing vertex 258
23:17:36: Doing vertex 259
23:17:36: Doing vertex 260
23:17:36: Doing vertex 261
23:17:36: Doing vertex 262
23:17:36: Doing vertex 263
23:17:36: Doing vertex 264
23:17:36: Doing vertex 265
23:17:36: Doing vertex 266
23:17:36: Doing vertex 267
23:17:36: Doing vertex 268
23:17:36: Doing vertex 269
23:17:36: Doing vertex 270
23:17:36: Doing vertex 271
23:17:36: Doing vertex 272
23:17:36: Doing vertex 273
23:17:36: Doing vertex 274
23:17:36: Doing vertex 275
23:17:36: Doing vertex 276
23:17:36: Doing vertex 277
23:17:36: Doing vertex 278
23:17:36: Doing vertex 279
23:17:36: Doing vertex 280
23:17:36: Doing vertex 281
23:17:36: Doing vertex 282
23:17:36: Doing vertex 283
23:17:36: Doing vertex 284
23:17:36: Doing vertex 285
23:17:36: Doing vertex 286
23:17:36: Doing vertex 287
23:17:36: Doing vertex 288
23:17:36: Doing vertex 289
23:17:36: Doing vertex 290
23:17:36: Doing vertex 291
23:17:36: Doing vertex 292
23:17:36: Doing vertex 293
23:17:36: Doing vertex 294
23:17:36: Doing vertex 295
23:17:36: Doing vertex 296
23:17:36: Doing vertex 297
23:17:36: Doing vertex 298
23:17:36: Doing vertex 299
23:17:36: Doing vertex 300
23:17:36: Doing vertex 301
23:17:36: Doing vertex 302
23:17:36: Doing vertex 303
23:17:36: Doing vertex 304
23:17:36: Doing vertex 305
23:17:36: Doing vertex 306
23:17:36: Doing vertex 307
23:17:36: Doing vertex 308
23:17:36: Doing vertex 309
23:17:36: Doing vertex 310
23:17:36: Doing vertex 311
23:17:36: Doing vertex 312
23:17:36: Doing vertex 313
23:17:36: Doing uvs, normals and indexes (v2)...
23:17:36: Geometry done.
23:17:36: Creating MeshSerializer..
23:17:36: MeshSerializer created.
23:17:36: Exporting mesh data to file 'E:\C#\AntKiller\AntKiller\content\cylinder.mesh'
23:17:36: MeshSerializer writing mesh data to E:\C#\AntKiller\AntKiller\content\cylinder.mesh...
23:17:36: File header written.
23:17:36: Writing mesh data...
23:17:36: Writing submesh...
23:17:36: Exporting submesh texture aliases...
23:17:36: Submesh texture aliases exported.
23:17:36: Submesh exported.
23:17:36: Exporting bounds information....
23:17:36: Bounds information exported.
23:17:36: Exporting submesh name table...
23:17:36: Submesh name table exported.
23:17:36: Exporting edge lists...
23:17:36: Edge lists exported
23:17:36: Mesh data exported.
23:17:36: MeshSerializer export successful.
23:17:36: Export successful
23:17:36: Unregistering ResourceManager for type Mesh
23:17:36: Unregistering ResourceManager for type Skeleton
